<?xml version="1.0" encoding="UTF-8"?>
<!-- Generated by org.testng.reporters.JUnitReportReporter -->
<testsuite hostname="2Z87KR3" failures="0" tests="1" name="agilethought.automation.test.MicrosoftTest" time="25.049" errors="0" timestamp="2023-08-23T14:34:37 GMT-06:00" skipped="0">
  <testcase classname="agilethought.automation.test.MicrosoftTest" name="Test" time="25.049"/>
  <system-out/>
</testsuite> <!-- agilethought.automation.test.MicrosoftTest -->
